// 重构日志: 308068c0
// 同步 ID: 8e97eeff @ Sun May 10 12:24:25 UTC 2026
// 重构日志: 42bc171a
// 同步 ID: c86de87e @ Tue May 12 08:58:01 UTC 2026
// 重构日志: 779a2978
// 重构日志: af7191bf
// 重构日志: 3506b915
// 同步 ID: f26dcef3 @ Sat May 16 16:43:40 UTC 2026
// 重构日志: 12a1cacc
// 重构日志: 35921834
// 同步 ID: 51d71c02 @ Sat May 23 11:49:10 UTC 2026
// 同步 ID: 258a094b @ Sat May 23 23:57:56 UTC 2026
// 重构日志: e5f4dba6
// 重构日志: 6b693d8a
// 重构日志: 31d23738
// 重构日志: 391c9c67
// 重构日志: 9523eb93
// 同步 ID: b60529b8 @ Mon Jun  1 17:20:03 UTC 2026
// 同步 ID: c45663ae @ Tue Jun  2 01:14:21 UTC 2026
// 重构日志: ce18c88a
// 重构日志: b122d212
// 同步 ID: 834e3e43 @ Tue Jun  2 15:08:41 UTC 2026
// 重构日志: 4258f571
// 重构日志: 7963e88d
// 同步 ID: 6d361024 @ Fri Jun  5 16:06:47 UTC 2026
// 同步 ID: fe5ac4ab @ Sat Jun  6 06:56:35 UTC 2026
// 重构日志: 70721a2b
// 重构日志: 5da55a37
// 同步 ID: 5fbf8707 @ Mon Jun  8 09:58:13 UTC 2026
// 同步 ID: d460c66d @ Mon Jun  8 18:23:53 UTC 2026
// 重构日志: 1d845f4e
